[LOG] System::create                           : Header version = 2.02.19. Current version = 2.02.19.
[LOG] Manager::init                            : maxchannels = 256 studioflags = 00000006 flags 00000000 extradriverdata 0000000000000000.
[LOG] SystemI::init                            : Initialize version=20219 (137979), maxchannels=256, flags=0x00020000
[LOG] SystemI::setOutputInternal               : Setting output to 'FMOD WASAPI Output'
[LOG] OutputWASAPI::init                       : Mix Format (WAVEFORMATEX): wFormatTag=0xFFFE, nChannels=2, nSamplesPerSec=44100, nAvgBytesPerSec=352800, nBlockAlign=8, wBitsPerSample=32, cbSize=22.
[LOG] OutputWASAPI::init                       : Mix Format (WAVEFORMATEXTENSIBLE): wValidBitsPerSample=32, dwChannelMask=0x00000003, SubFormat=00000003-0000-0010-8000-00AA00389B71.
[LOG] OutputWASAPI::init                       : Output buffer size: 3760 samples, latency: 0.00ms, period: 10.00ms, DSP buffer: 1024 * 4
[LOG] SystemI::init                            : Output requires a sample rate of 44100Hz, resampling will occur.
[LOG] Thread::initThread                       : Init FMOD stream thread. Affinity: 0x4000000000000003, Priority: 0xFFFF7FFB, Stack Size: 98304, Semaphore: No, Sleep Time: 10, Looping: Yes.
[LOG] Thread::initThread                       : Init FMOD mixer thread. Affinity: 0x4000000000000001, Priority: 0xFFFF7FFA, Stack Size: 81920, Semaphore: No, Sleep Time: 0, Looping: Yes.
[LOG] AsyncManager::init                       : manager 0000026EE9BDA4E8 isAsync 0 updatePeriod 0.02
[LOG] AsyncManager::init                       : done
[LOG] PlaybackSystem::init                     : 
[LOG] Thread::initThread                       : Init FMOD Studio sample load thread. Affinity: 0x4000000000000003, Priority: 0xFFFF7FFD, Stack Size: 98304, Semaphore: No, Sleep Time: 1, Looping: No.
[LOG] PlaybackSystem::init                     : done
[LOG] Thread::initThread                       : Init FMOD Studio bank load thread. Affinity: 0x4000000000000003, Priority: 0xFFFF7FFD, Stack Size: 98304, Semaphore: No, Sleep Time: 1, Looping: No.
[LOG] Manager::init                            : done.
[LOG] Manager::readBank                        : fileversion = 142, compatVersion = 140 (oldest = 44, newest = 142)
[LOG] Manager::readBank                        : fileversion = 142, compatVersion = 140 (oldest = 44, newest = 142)
[LOG] PlaybackSystem::acquireMasterBus         : Setting master channel group format to 6
[LOG] SystemI::createSoundInternal             : Create name='', mode=0x02000202
[LOG] SystemI::createSoundInternal             : exinfo->cbsize             = 224
[LOG] SystemI::createSoundInternal             : exinfo->length             = 4403296
[LOG] SystemI::createSoundInternal             : exinfo->fileoffset         = 9440
[LOG] SystemI::createSoundInternal             : exinfo->numsubsounds       = 1
[LOG] SystemI::createSoundInternal             : exinfo->inclusionlist      = 00000097021AF1C8
[LOG] SystemI::createSoundInternal             : exinfo->inclusionlistnum   = 1
[LOG] SystemI::createSoundInternal             : exinfo->suggestedsoundtype = 5
[LOG] SystemI::createSoundInternal             : exinfo->useropen           = 00007FFECDA23F70
[LOG] SystemI::createSoundInternal             : exinfo->userclose          = 00007FFECDA23F30
[LOG] SystemI::createSoundInternal             : exinfo->userread           = 00007FFECDA24050
[LOG] SystemI::createSoundInternal             : exinfo->userseek           = 00007FFECDA24110
[LOG] SystemI::createSoundInternal             : exinfo->fileuserdata       = 0000026FA189B438
[LOG] SystemI::createSoundInternal             : exinfo->initialseekpostype = 1
[LOG] SystemI::DSPCodecPoolRegister            : register codec pool for pool type 5
[LOG] SystemI::createSoundInternal             : Sample 0/1: name='ES_Footsteps Dirt 3 - SFX Producer', format=5, channels=2, frequency=48000, lengthbytes=4448, lengthpcm=20992, pcmblocksize=0, loopstart=0, loopend=0, mode=0x00000000, channelmask=0x00000000, channelorder=0, peakvolume=0.839647.
[LOG] SystemI::createSound                     : filename = C:/Users/htk/Downloads/QuestGameFMOD/QuestGameFMOD/Build/Desktop/Master.bank : mode 02010082
[LOG] SystemI::createSound                     : FMOD_NONBLOCKING specified.  Putting into queue to be opened asynchronously!
[LOG] Thread::initThread                       : Init FMOD nonblocking thread (0). Affinity: 0x4000000000000003, Priority: 0xFFFF7FFC, Stack Size: 114688, Semaphore: Yes, Sleep Time: 0, Looping: Yes.
[LOG] AsyncThread::add                         : add sound to async queue : soundi = 0000026FA173D998, queue head = 0000026CB1694E98, queue count = 0
[LOG] AsyncThread::threadFunc                  : Starting Asynchronous operation on sound 0000026FA173D998
[LOG] SystemI::createSoundInternal             :     Create name='C:/Users/htk/Downloads/QuestGameFMOD/QuestGameFMOD/Build/Desktop/Master.bank', mode=0x02010082
[LOG] SystemI::createSoundInternal             :     exinfo->cbsize             = 224
[LOG] SystemI::createSoundInternal             :     exinfo->length             = 4403296
[LOG] SystemI::createSoundInternal             :     exinfo->fileoffset         = 9440
[LOG] SystemI::createSoundInternal             :     exinfo->numsubsounds       = 1
[LOG] SystemI::createSoundInternal             :     exinfo->inclusionlist      = 0000026FE6DF3910
[LOG] SystemI::createSoundInternal             :     exinfo->inclusionlistnum   = 1
[LOG] SystemI::createSoundInternal             :     exinfo->suggestedsoundtype = 5
[LOG] SystemI::createSoundInternal             :     exinfo->initialseekpostype = 1
[LOG] SystemI::createSoundInternal             :     Stream 0/1: name='ES_Jungle Ambience 25', format=5, channels=2, frequency=48000, lengthbytes=454592, lengthpcm=1646080, pcmblocksize=0, loopstart=0, loopend=0, mode=0x00000000, channelmask=0x00000000, channelorder=0, peakvolume=0.018158.
[LOG] Thread::initThread                       :     Init FMOD file thread. Affinity: 0x4000000000000003, Priority: 0xFFFF7FFC, Stack Size: 65536, Semaphore: No, Sleep Time: 10, Looping: Yes.
[LOG] AsyncThread::threadFunc                  : Finished Asynchronous operation on sound 0000026FA173D998
[LOG] SoundI::release                          : ES_Jungle Ambience 25 (0000026FA173D998)
[LOG] SoundI::release                          :     ES_Jungle Ambience 25 (0000026FE0824128)
[LOG] SoundI::release                          :     ES_Jungle Ambience 25 (0000026FA173DB48)
[LOG] SystemI::createSound                     : filename = C:/Users/htk/Downloads/QuestGameFMOD/QuestGameFMOD/Build/Desktop/Master.bank : mode 02010082
[LOG] SystemI::createSound                     : FMOD_NONBLOCKING specified.  Putting into queue to be opened asynchronously!
[LOG] AsyncThread::add                         : add sound to async queue : soundi = 0000026FA173D998, queue head = 0000026CB1694E98, queue count = 0
[LOG] SystemI::createSound                     : filename = C:/Users/htk/Downloads/QuestGameFMOD/QuestGameFMOD/Build/Desktop/Master.bank : mode 02010082
[LOG] SystemI::createSound                     : FMOD_NONBLOCKING specified.  Putting into queue to be opened asynchronously!
[LOG] AsyncThread::add                         : add sound to async queue : soundi = 0000026FA173DCF8, queue head = 0000026CB1694E98, queue count = 1
[LOG] SystemI::createSound                     : filename = C:/Users/htk/Downloads/QuestGameFMOD/QuestGameFMOD/Build/Desktop/Master.bank : mode 02010082
[LOG] SystemI::createSound                     : FMOD_NONBLOCKING specified.  Putting into queue to be opened asynchronously!
[LOG] AsyncThread::add                         : add sound to async queue : soundi = 0000026FA173E058, queue head = 0000026CB1694E98, queue count = 1
[LOG] AsyncThread::threadFunc                  : Starting Asynchronous operation on sound 0000026FA173D998
[LOG] SystemI::createSoundInternal             :     Create name='C:/Users/htk/Downloads/QuestGameFMOD/QuestGameFMOD/Build/Desktop/Master.bank', mode=0x02010082
[LOG] SystemI::createSoundInternal             :     exinfo->cbsize             = 224
[LOG] SystemI::createSoundInternal             :     exinfo->length             = 4403296
[LOG] SystemI::createSoundInternal             :     exinfo->fileoffset         = 9440
[LOG] SystemI::createSoundInternal             :     exinfo->numsubsounds       = 1
[LOG] SystemI::createSoundInternal             :     exinfo->inclusionlist      = 0000026EC711F020
[LOG] SystemI::createSoundInternal             :     exinfo->inclusionlistnum   = 1
[LOG] SystemI::createSoundInternal             :     exinfo->suggestedsoundtype = 5
[LOG] SystemI::createSoundInternal             :     exinfo->initialseekpostype = 1
[LOG] SystemI::createSoundInternal             :     Stream 0/1: name='ES_Path of Solitude STEMS INSTRUMENTS', format=5, channels=2, frequency=48000, lengthbytes=1569376, lengthpcm=6268235, pcmblocksize=0, loopstart=0, loopend=0, mode=0x00000000, channelmask=0x00000000, channelorder=0, peakvolume=0.988500.
[LOG] AsyncThread::threadFunc                  : Finished Asynchronous operation on sound 0000026FA173D998
[LOG] AsyncThread::threadFunc                  : Starting Asynchronous operation on sound 0000026FA173DCF8
[LOG] SystemI::createSoundInternal             :     Create name='C:/Users/htk/Downloads/QuestGameFMOD/QuestGameFMOD/Build/Desktop/Master.bank', mode=0x02010082
[LOG] SystemI::createSoundInternal             :     exinfo->cbsize             = 224
[LOG] SystemI::createSoundInternal             :     exinfo->length             = 4403296
[LOG] SystemI::createSoundInternal             :     exinfo->fileoffset         = 9440
[LOG] SystemI::createSoundInternal             :     exinfo->numsubsounds       = 1
[LOG] SystemI::createSoundInternal             :     exinfo->inclusionlist      = 0000026EC711F7A0
[LOG] SystemI::createSoundInternal             :     exinfo->inclusionlistnum   = 1
[LOG] SystemI::createSoundInternal             :     exinfo->suggestedsoundtype = 5
[LOG] SystemI::createSoundInternal             :     exinfo->initialseekpostype = 1
[LOG] SystemI::createSoundInternal             :     Stream 0/1: name='ES_Path of Solitude STEMS DRUMS', format=5, channels=2, frequency=48000, lengthbytes=1310080, lengthpcm=6268235, pcmblocksize=0, loopstart=0, loopend=0, mode=0x00000000, channelmask=0x00000000, channelorder=0, peakvolume=0.988500.
[LOG] AsyncThread::threadFunc                  : Finished Asynchronous operation on sound 0000026FA173DCF8
[LOG] AsyncThread::threadFunc                  : Starting Asynchronous operation on sound 0000026FA173E058
[LOG] SystemI::createSoundInternal             :     Create name='C:/Users/htk/Downloads/QuestGameFMOD/QuestGameFMOD/Build/Desktop/Master.bank', mode=0x02010082
[LOG] SystemI::createSoundInternal             :     exinfo->cbsize             = 224
[LOG] SystemI::createSoundInternal             :     exinfo->length             = 4403296
[LOG] SystemI::createSoundInternal             :     exinfo->fileoffset         = 9440
[LOG] SystemI::createSoundInternal             :     exinfo->numsubsounds       = 1
[LOG] SystemI::createSoundInternal             :     exinfo->inclusionlist      = 0000026EC711F520
[LOG] SystemI::createSoundInternal             :     exinfo->inclusionlistnum   = 1
[LOG] SystemI::createSoundInternal             :     exinfo->suggestedsoundtype = 5
[LOG] SystemI::createSoundInternal             :     exinfo->initialseekposition = 40000
[LOG] SystemI::createSoundInternal             :     exinfo->initialseekpostype = 1
[LOG] SystemI::createSoundInternal             :     Stream 0/1: name='ES_Path of Solitude STEMS MELODY', format=5, channels=2, frequency=48000, lengthbytes=1060224, lengthpcm=6268235, pcmblocksize=0, loopstart=0, loopend=0, mode=0x00000000, channelmask=0x00000000, channelorder=0, peakvolume=0.988500.
[LOG] AsyncThread::threadFunc                  : Finished Asynchronous operation on sound 0000026FA173E058
[LOG] SoundI::release                          : ES_Path of Solitude STEMS MELODY (0000026FA173E058)
[LOG] SoundI::release                          :     ES_Path of Solitude STEMS MELODY (0000026FE07C6528)
[LOG] SoundI::release                          :     ES_Path of Solitude STEMS MELODY (0000026FA173F2E8)
[LOG] SoundI::release                          : ES_Path of Solitude STEMS DRUMS (0000026FA173DCF8)
[LOG] SoundI::release                          :     ES_Path of Solitude STEMS DRUMS (0000026FE07C6388)
[LOG] SoundI::release                          :     ES_Path of Solitude STEMS DRUMS (0000026FA173EA78)
[LOG] SoundI::release                          : ES_Path of Solitude STEMS INSTRUMENTS (0000026FA173D998)
[LOG] SoundI::release                          :     ES_Path of Solitude STEMS INSTRUMENTS (0000026FE0824128)
[LOG] SoundI::release                          :     ES_Path of Solitude STEMS INSTRUMENTS (0000026FA173E8C8)
[LOG] SystemI::createSound                     : filename = C:/Users/htk/Downloads/QuestGameFMOD/QuestGameFMOD/Build/Desktop/Master.bank : mode 02010082
[LOG] SystemI::createSound                     : FMOD_NONBLOCKING specified.  Putting into queue to be opened asynchronously!
[LOG] AsyncThread::add                         : add sound to async queue : soundi = 0000026F99A413A8, queue head = 0000026CB1694E98, queue count = 0
[LOG] AsyncThread::threadFunc                  : Starting Asynchronous operation on sound 0000026F99A413A8
[LOG] SystemI::createSoundInternal             :     Create name='C:/Users/htk/Downloads/QuestGameFMOD/QuestGameFMOD/Build/Desktop/Master.bank', mode=0x02010082
[LOG] SystemI::createSoundInternal             :     exinfo->cbsize             = 224
[LOG] SystemI::createSoundInternal             :     exinfo->length             = 4403296
[LOG] SystemI::createSoundInternal             :     exinfo->fileoffset         = 9440
[LOG] SystemI::createSoundInternal             :     exinfo->numsubsounds       = 1
[LOG] SystemI::createSoundInternal             :     exinfo->inclusionlist      = 0000026EF41940B0
[LOG] SystemI::createSoundInternal             :     exinfo->inclusionlistnum   = 1
[LOG] SystemI::createSoundInternal             :     exinfo->suggestedsoundtype = 5
[LOG] SystemI::createSoundInternal             :     exinfo->initialseekpostype = 1
[LOG] SystemI::createSoundInternal             :     Stream 0/1: name='ES_Jungle Ambience 25', format=5, channels=2, frequency=48000, lengthbytes=454592, lengthpcm=1646080, pcmblocksize=0, loopstart=0, loopend=0, mode=0x00000000, channelmask=0x00000000, channelorder=0, peakvolume=0.018158.
[LOG] AsyncThread::threadFunc                  : Finished Asynchronous operation on sound 0000026F99A413A8
[LOG] SoundI::release                          : ES_Jungle Ambience 25 (0000026F99A413A8)
[LOG] SoundI::release                          :     ES_Jungle Ambience 25 (0000026FE07C6388)
[LOG] SoundI::release                          :     ES_Jungle Ambience 25 (0000026F99A402C8)
[LOG] SystemI::createSound                     : filename = C:/Users/htk/Downloads/QuestGameFMOD/QuestGameFMOD/Build/Desktop/Master.bank : mode 02010082
[LOG] SystemI::createSound                     : FMOD_NONBLOCKING specified.  Putting into queue to be opened asynchronously!
[LOG] AsyncThread::add                         : add sound to async queue : soundi = 0000026F99A40628, queue head = 0000026CB1694E98, queue count = 0
[LOG] SystemI::createSound                     : filename = C:/Users/htk/Downloads/QuestGameFMOD/QuestGameFMOD/Build/Desktop/Master.bank : mode 02010082
[LOG] AsyncThread::threadFunc                  : Starting Asynchronous operation on sound 0000026F99A40628
[LOG] SystemI::createSound                     : FMOD_NONBLOCKING specified.  Putting into queue to be opened asynchronously!
[LOG] SystemI::createSoundInternal             :     Create name='C:/Users/htk/Downloads/QuestGameFMOD/QuestGameFMOD/Build/Desktop/Master.bank', mode=0x02010082
[LOG] AsyncThread::add                         :     add sound to async queue : soundi = 0000026F99A3F398, queue head = 0000026CB1694E98, queue count = 0
[LOG] SystemI::createSoundInternal             :     exinfo->cbsize             = 224
[LOG] SystemI::createSoundInternal             :     exinfo->length             = 4403296
[LOG] SystemI::createSoundInternal             :     exinfo->fileoffset         = 9440
[LOG] SystemI::createSoundInternal             :     exinfo->numsubsounds       = 1
[LOG] SystemI::createSoundInternal             :     exinfo->inclusionlist      = 0000026EF4194970
[LOG] SystemI::createSoundInternal             :     exinfo->inclusionlistnum   = 1
[LOG] SystemI::createSoundInternal             :     exinfo->suggestedsoundtype = 5
[LOG] SystemI::createSoundInternal             :     exinfo->initialseekpostype = 1
[LOG] SystemI::createSound                     :     filename = C:/Users/htk/Downloads/QuestGameFMOD/QuestGameFMOD/Build/Desktop/Master.bank : mode 02010082
[LOG] SystemI::createSound                     :     FMOD_NONBLOCKING specified.  Putting into queue to be opened asynchronously!
[LOG] AsyncThread::add                         :     add sound to async queue : soundi = 0000026F99A402C8, queue head = 0000026CB1694E98, queue count = 1
[LOG] SystemI::createSoundInternal             :     Stream 0/1: name='ES_Path of Solitude STEMS INSTRUMENTS', format=5, channels=2, frequency=48000, lengthbytes=1569376, lengthpcm=6268235, pcmblocksize=0, loopstart=0, loopend=0, mode=0x00000000, channelmask=0x00000000, channelorder=0, peakvolume=0.988500.
[LOG] AsyncThread::threadFunc                  : Finished Asynchronous operation on sound 0000026F99A40628
[LOG] AsyncThread::threadFunc                  : Starting Asynchronous operation on sound 0000026F99A3F398
[LOG] SystemI::createSoundInternal             :     Create name='C:/Users/htk/Downloads/QuestGameFMOD/QuestGameFMOD/Build/Desktop/Master.bank', mode=0x02010082
[LOG] SystemI::createSoundInternal             :     exinfo->cbsize             = 224
[LOG] SystemI::createSoundInternal             :     exinfo->length             = 4403296
[LOG] SystemI::createSoundInternal             :     exinfo->fileoffset         = 9440
[LOG] SystemI::createSoundInternal             :     exinfo->numsubsounds       = 1
[LOG] SystemI::createSoundInternal             :     exinfo->inclusionlist      = 0000026EF41940B0
[LOG] SystemI::createSoundInternal             :     exinfo->inclusionlistnum   = 1
[LOG] SystemI::createSoundInternal             :     exinfo->suggestedsoundtype = 5
[LOG] SystemI::createSoundInternal             :     exinfo->initialseekpostype = 1
[LOG] SystemI::createSoundInternal             :     Stream 0/1: name='ES_Path of Solitude STEMS DRUMS', format=5, channels=2, frequency=48000, lengthbytes=1310080, lengthpcm=6268235, pcmblocksize=0, loopstart=0, loopend=0, mode=0x00000000, channelmask=0x00000000, channelorder=0, peakvolume=0.988500.
[LOG] AsyncThread::threadFunc                  : Finished Asynchronous operation on sound 0000026F99A3F398
[LOG] AsyncThread::threadFunc                  : Starting Asynchronous operation on sound 0000026F99A402C8
[LOG] SystemI::createSoundInternal             :     Create name='C:/Users/htk/Downloads/QuestGameFMOD/QuestGameFMOD/Build/Desktop/Master.bank', mode=0x02010082
[LOG] SystemI::createSoundInternal             :     exinfo->cbsize             = 224
[LOG] SystemI::createSoundInternal             :     exinfo->length             = 4403296
[LOG] SystemI::createSoundInternal             :     exinfo->fileoffset         = 9440
[LOG] SystemI::createSoundInternal             :     exinfo->numsubsounds       = 1
[LOG] SystemI::createSoundInternal             :     exinfo->inclusionlist      = 0000026EC711F520
[LOG] SystemI::createSoundInternal             :     exinfo->inclusionlistnum   = 1
[LOG] SystemI::createSoundInternal             :     exinfo->suggestedsoundtype = 5
[LOG] SystemI::createSoundInternal             :     exinfo->initialseekposition = 40000
[LOG] SystemI::createSoundInternal             :     exinfo->initialseekpostype = 1
[LOG] SystemI::createSoundInternal             :     Stream 0/1: name='ES_Path of Solitude STEMS MELODY', format=5, channels=2, frequency=48000, lengthbytes=1060224, lengthpcm=6268235, pcmblocksize=0, loopstart=0, loopend=0, mode=0x00000000, channelmask=0x00000000, channelorder=0, peakvolume=0.988500.
[LOG] AsyncThread::threadFunc                  : Finished Asynchronous operation on sound 0000026F99A402C8
[LOG] AsyncThread::add                         : add sound to async queue : soundi = 0000026F99A42998, queue head = 0000026CB1694E98, queue count = 0
[LOG] AsyncThread::threadFunc                  : Starting Asynchronous operation on sound 0000026F99A42998
[LOG] AsyncThread::threadFunc                  : Finished Asynchronous operation on sound 0000026F99A42998
[LOG] AsyncThread::add                         : add sound to async queue : soundi = 0000026F99A42638, queue head = 0000026CB1694E98, queue count = 0
[LOG] AsyncThread::threadFunc                  : Starting Asynchronous operation on sound 0000026F99A42638
[LOG] AsyncThread::threadFunc                  : Finished Asynchronous operation on sound 0000026F99A42638
[LOG] SoundI::release                          : ES_Path of Solitude STEMS MELODY (0000026F99A402C8)
[LOG] SoundI::release                          :     ES_Path of Solitude STEMS MELODY (0000026FE0824948)
[LOG] SoundI::release                          :     ES_Path of Solitude STEMS MELODY (0000026F99A42998)
[LOG] SoundI::release                          : ES_Path of Solitude STEMS DRUMS (0000026F99A3F398)
[LOG] SoundI::release                          :     ES_Path of Solitude STEMS DRUMS (0000026FE0824128)
[LOG] SoundI::release                          :     ES_Path of Solitude STEMS DRUMS (0000026F99A42638)
[LOG] SoundI::release                          : ES_Path of Solitude STEMS INSTRUMENTS (0000026F99A40628)
[LOG] SoundI::release                          :     ES_Path of Solitude STEMS INSTRUMENTS (0000026FE07C6BA8)
[LOG] SoundI::release                          :     ES_Path of Solitude STEMS INSTRUMENTS (0000026F99A3FDB8)
[LOG] SoundI::release                          :  (000002709612DBF8)
[LOG] SoundI::release                          :     ES_Footsteps Dirt 3 - SFX Producer (0000026E9FB86FD8)
[LOG] Thread::callback                         : FMOD Studio bank load thread finished.
[LOG] Thread::callback                         : FMOD Studio sample load thread finished.
[LOG] LiveUpdate::release                      : 
[LOG] LiveUpdate::reset                        : Reset connection (reason Disconnected)
[LOG] Thread::callback                         : FMOD stream thread finished.
[LOG] Thread::callback                         : FMOD mixer thread finished.
[LOG] SystemI::close                           : Closed.
[LOG] Thread::callback                         : FMOD nonblocking thread (0) finished.
[LOG] Thread::callback                         : FMOD file thread finished.
